Started GET "/" for 127.0.0.1 at 2022-08-23 21:16:37 +0700
  [1m[35m (4.8ms)[0m  [1m[34mSELECT sqlite_version(*)[0m
Processing by Rails::WelcomeController#index as HTML
  Rendering /usr/share/rvm/gems/ruby-3.1.2@wp/gems/railties-7.0.3.1/lib/rails/templates/rails/welcome/index.html.erb
  Rendered /usr/share/rvm/gems/ruby-3.1.2@wp/gems/railties-7.0.3.1/lib/rails/templates/rails/welcome/index.html.erb (Duration: 1.9ms | Allocations: 657)
Completed 200 OK in 122ms (Views: 8.1ms | ActiveRecord: 0.0ms | Allocations: 5116)


Started GET "/asdf" for 127.0.0.1 at 2022-08-23 21:25:31 +0700
  
ActionController::RoutingError (No route matches [GET] "/asdf"):
  
Started GET "/main/test" for 127.0.0.1 at 2022-08-23 22:00:58 +0700
Processing by MainController#test as HTML
  Rendering text template
  Rendered text template (Duration: 0.0ms | Allocations: 9)
Completed 200 OK in 35ms (Views: 22.8ms | Allocations: 803)


Started GET "/main/test" for 127.0.0.1 at 2022-08-23 22:01:22 +0700
Processing by MainController#test as HTML
  Rendering text template
  Rendered text template (Duration: 0.0ms | Allocations: 3)
Completed 200 OK in 1ms (Views: 0.7ms | Allocations: 220)


Started GET "/" for 127.0.0.1 at 2022-08-24 00:13:53 +0700
  [1m[35m (0.5ms)[0m  [1m[34mSELECT sqlite_version(*)[0m
Processing by Rails::WelcomeController#index as HTML
  Rendering /usr/share/rvm/gems/ruby-3.1.2@wp/gems/railties-7.0.3.1/lib/rails/templates/rails/welcome/index.html.erb
  Rendered /usr/share/rvm/gems/ruby-3.1.2@wp/gems/railties-7.0.3.1/lib/rails/templates/rails/welcome/index.html.erb (Duration: 1.1ms | Allocations: 549)
Completed 200 OK in 12ms (Views: 3.7ms | ActiveRecord: 0.0ms | Allocations: 3791)


Started GET "/" for 127.0.0.1 at 2022-08-24 00:14:21 +0700
Processing by MainController#test as HTML
  Rendering text template
  Rendered text template (Duration: 0.0ms | Allocations: 9)
Completed 200 OK in 2ms (Views: 1.3ms | Allocations: 736)


Started GET "/" for 127.0.0.1 at 2022-08-24 00:22:11 +0700
Processing by MainController#test as HTML
  Rendering layout layouts/application.html.erb
  Rendering main/test.html.erb within layouts/application
  Rendered main/test.html.erb within layouts/application (Duration: 10.4ms | Allocations: 151)
  Rendered layout layouts/application.html.erb (Duration: 860.4ms | Allocations: 85526)
Completed 200 OK in 909ms (Views: 883.3ms | Allocations: 86482)


Started GET "/" for 127.0.0.1 at 2022-08-24 00:29:22 +0700
  [1m[35m (0.7ms)[0m  [1m[34mSELECT sqlite_version(*)[0m
Processing by MainController#test as HTML
  Rendering layout layouts/application.html.erb
  Rendering main/test.html.erb within layouts/application
  Rendered main/test.html.erb within layouts/application (Duration: 1.0ms | Allocations: 360)
  Rendered layout layouts/application.html.erb (Duration: 98.4ms | Allocations: 35354)
Completed 200 OK in 109ms (Views: 101.0ms | ActiveRecord: 0.0ms | Allocations: 38751)


Started GET "/" for 127.0.0.1 at 2022-08-24 00:30:50 +0700
Processing by MainController#test as HTML
  Rendering layout layouts/application.html.erb
  Rendering main/test.html.erb within layouts/application
  Rendered main/test.html.erb within layouts/application (Duration: 0.2ms | Allocations: 161)
  Rendered layout layouts/application.html.erb (Duration: 5.6ms | Allocations: 3059)
Completed 200 OK in 7ms (Views: 6.7ms | ActiveRecord: 0.0ms | Allocations: 3953)


Started GET "/" for 127.0.0.1 at 2022-08-24 00:31:08 +0700
Processing by MainController#test as HTML
  Rendering layout layouts/application.html.erb
  Rendering main/test.html.erb within layouts/application
  Rendered main/test.html.erb within layouts/application (Duration: 0.3ms | Allocations: 156)
  Rendered layout layouts/application.html.erb (Duration: 4.4ms | Allocations: 3023)
Completed 200 OK in 10ms (Views: 9.1ms | ActiveRecord: 0.0ms | Allocations: 3884)


Started GET "/" for 127.0.0.1 at 2022-08-24 00:40:08 +0700
Processing by MainController#test as HTML
  Rendering layout layouts/application.html.erb
  Rendering main/test.html.erb within layouts/application
  Rendered main/test.html.erb within layouts/application (Duration: 0.3ms | Allocations: 176)
  Rendered layout layouts/application.html.erb (Duration: 6.3ms | Allocations: 3052)
Completed 200 OK in 10ms (Views: 8.1ms | Allocations: 3893)


Started GET "/" for 127.0.0.1 at 2022-08-24 00:44:19 +0700
Processing by MainController#test as HTML
  Rendering layout layouts/application.html.erb
  Rendering main/test.html.erb within layouts/application
  Rendered main/test.html.erb within layouts/application (Duration: 0.2ms | Allocations: 184)
  Rendered layout layouts/application.html.erb (Duration: 2.5ms | Allocations: 3069)
Completed 200 OK in 4ms (Views: 4.1ms | Allocations: 3910)


Started GET "/" for 127.0.0.1 at 2022-08-24 00:45:13 +0700
Processing by MainController#test as HTML
  Rendering layout layouts/application.html.erb
  Rendering main/test.html.erb within layouts/application
  Rendered main/test.html.erb within layouts/application (Duration: 0.4ms | Allocations: 187)
  Rendered layout layouts/application.html.erb (Duration: 2.5ms | Allocations: 3064)
Completed 200 OK in 4ms (Views: 3.8ms | Allocations: 3915)


